liamliam
liam42
liambarcelona
liamup2u
liam1978
liamlion
liamspain
liamhacking
42liam
4242
42barcelona
42up2u
421978
42lion
42spain
42hacking
barcelonaliam
barcelona42
barcelonabarcelona
barcelonaup2u
barcelona1978
barcelonalion
barcelonaspain
barcelonahacking
up2uliam
up2u42
up2ubarcelona
up2uup2u
up2u1978
up2ulion
up2uspain
up2uhacking
1978liam
197842
1978barcelona
1978up2u
19781978
1978lion
1978spain
1978hacking
lionliam
lion42
lionbarcelona
lionup2u
lion1978
lionlion
lionspain
lionhacking
spainliam
spain42
spainbarcelona
spainup2u
spain1978
spainlion
spainspain
spainhacking
hackingliam
hacking42
hackingbarcelona
hackingup2u
hacking1978
hackinglion
hackingspain
hackinghacking
